<?xml version="1.0" encoding="UTF-8"?>
<testng-results ignored="0" total="1" passed="1" failed="0" skipped="0">
  <reporter-output>
  </reporter-output>
  <suite started-at="2021-09-13T11:18:04 IST" name="Test Suite" finished-at="2021-09-13T11:18:16 IST" duration-ms="12089">
    <groups>
    </groups>
    <test started-at="2021-09-13T11:18:04 IST" name="Test Cases" finished-at="2021-09-13T11:18:16 IST" duration-ms="12089">
      <class name="project1.AutomateBasicElements">
        <test-method signature="hyperlink()[pri:0, instance:project1.AutomateBasicElements@4e7912d8]" started-at="2021-09-13T11:18:04 IST" name="hyperlink" finished-at="2021-09-13T11:18:16 IST" duration-ms="12067" status="PASS">
          <reporter-output>
          </reporter-output>
        </test-method> <!-- hyperlink -->
      </class> <!-- project1.AutomateBasicElements -->
    </test> <!-- Test Cases -->
  </suite> <!-- Test Suite -->
</testng-results>
